# JRE version: OpenJDK Runtime Environment Temurin-23.0.2+7 (23.0.2+7) (build 23.0.2+7)
# Java VM: OpenJDK 64-Bit Server VM Temurin-23.0.2+7 (23.0.2+7, mixed mode, tiered, compressed oops, compressed class ptrs, g1 gc, bsd-amd64)
GC Precious Log:
 CardTable entry size: 512
 Card Set container configuration: InlinePtr #cards 5 size 8 Array Of Cards #cards 10 size 36 Howl #buckets 4 coarsen threshold 1843 Howl Bitmap #cards 512 size 80 coarsen threshold 460 Card regions per heap region 1 cards per card region 2048
 CPUs: 8 total, 8 available
 Memory: 16384M
 Large Page Support: Disabled
 NUMA Support: Disabled
 Compressed Oops: Enabled (Zero based)
 Heap Region Size: 1M
 Heap Min Capacity: 8M
 Heap Initial Capacity: 256M
 Heap Max Capacity: 2G
 Pre-touch: Disabled
 Parallel Workers: 8
 Concurrent Workers: 2
 Concurrent Refinement Workers: 8
 Periodic GC: Disabled
Heap:
 garbage-first heap   total reserved 2097152K, committed 336896K, used 284434K [0x0000000780000000, 0x0000000800000000)
  region size 1024K, 129 young (132096K), 9 survivors (9216K)
 Metaspace       used 149476K, committed 151808K, reserved 1179648K
  class space    used 20042K, committed 21184K, reserved 1048576K
GC Heap History (20 events):
Event: 90.005 GC heap after
{Heap after GC invocations=59 (full 0):
 garbage-first heap   total reserved 2097152K, committed 260096K, used 156095K [0x0000000780000000, 0x0000000800000000)
  region size 1024K, 8 young (8192K), 8 survivors (8192K)
 Metaspace       used 136649K, committed 138880K, reserved 1179648K
  class space    used 18192K, committed 19264K, reserved 1048576K
}
Event: 91.837 GC heap before
{Heap before GC invocations=59 (full 0):
 garbage-first heap   total reserved 2097152K, committed 260096K, used 225727K [0x0000000780000000, 0x0000000800000000)
  region size 1024K, 77 young (78848K), 8 survivors (8192K)
 Metaspace       used 141822K, committed 144064K, reserved 1179648K
  class space    used 18957K, committed 20032K, reserved 1048576K
}
Event: 91.881 GC heap after
{Heap after GC invocations=60 (full 0):
 garbage-first heap   total reserved 2097152K, committed 260096K, used 162816K [0x0000000780000000, 0x0000000800000000)
  region size 1024K, 10 young (10240K), 10 survivors (10240K)
 Metaspace       used 141822K, committed 144064K, reserved 1179648K
  class space    used 18957K, committed 20032K, reserved 1048576K
}
Event: 97.126 GC heap before
{Heap before GC invocations=60 (full 0):
 garbage-first heap   total reserved 2097152K, committed 260096K, used 229376K [0x0000000780000000, 0x0000000800000000)
  region size 1024K, 76 young (77824K), 10 survivors (10240K)
 Metaspace       used 146347K, committed 148608K, reserved 1179648K
  class space    used 19629K, committed 20736K, reserved 1048576K
}
Event: 97.269 GC heap after
{Heap after GC invocations=61 (full 0):
 garbage-first heap   total reserved 2097152K, committed 260096K, used 167408K [0x0000000780000000, 0x0000000800000000)
  region size 1024K, 5 young (5120K), 5 survivors (5120K)
 Metaspace       used 146347K, committed 148608K, reserved 1179648K
  class space    used 19629K, committed 20736K, reserved 1048576K
}
Event: 106.188 GC heap before
{Heap before GC invocations=62 (full 0):
 garbage-first heap   total reserved 2097152K, committed 280576K, used 232944K [0x0000000780000000, 0x0000000800000000)
  region size 1024K, 70 young (71680K), 5 survivors (5120K)
 Metaspace       used 148602K, committed 150848K, reserved 1179648K
  class space    used 19961K, committed 21056K, reserved 1048576K
}
Event: 106.229 GC heap after
{Heap after GC invocations=63 (full 0):
 garbage-first heap   total reserved 2097152K, committed 280576K, used 168431K [0x0000000780000000, 0x0000000800000000)
  region size 1024K, 6 young (6144K), 6 survivors (6144K)
 Metaspace       used 148602K, committed 150848K, reserved 1179648K
  class space    used 19961K, committed 21056K, reserved 1048576K
}
Event: 108.117 GC heap before
{Heap before GC invocations=63 (full 0):
 garbage-first heap   total reserved 2097152K, committed 280576K, used 251375K [0x0000000780000000, 0x0000000800000000)
  region size 1024K, 87 young (89088K), 6 survivors (6144K)
 Metaspace       used 149046K, committed 151424K, reserved 1179648K
  class space    used 19989K, committed 21120K, reserved 1048576K
}
Event: 108.143 GC heap after
{Heap after GC invocations=64 (full 0):
 garbage-first heap   total reserved 2097152K, committed 280576K, used 164600K [0x0000000780000000, 0x0000000800000000)
  region size 1024K, 7 young (7168K), 7 survivors (7168K)
 Metaspace       used 149046K, committed 151424K, reserved 1179648K
  class space    used 19989K, committed 21120K, reserved 1048576K
}
Event: 109.297 GC heap before
{Heap before GC invocations=64 (full 0):
 garbage-first heap   total reserved 2097152K, committed 280576K, used 249592K [0x0000000780000000, 0x0000000800000000)
  region size 1024K, 90 young (92160K), 7 survivors (7168K)
 Metaspace       used 149249K, committed 151616K, reserved 1179648K
  class space    used 20026K, committed 21184K, reserved 1048576K
}
Event: 109.314 GC heap after
{Heap after GC invocations=65 (full 0):
 garbage-first heap   total reserved 2097152K, committed 280576K, used 163672K [0x0000000780000000, 0x0000000800000000)
  region size 1024K, 3 young (3072K), 3 survivors (3072K)
 Metaspace       used 149249K, committed 151616K, reserved 1179648K
  class space    used 20026K, committed 21184K, reserved 1048576K
}
Event: 110.986 GC heap before
{Heap before GC invocations=66 (full 0):
 garbage-first heap   total reserved 2097152K, committed 280576K, used 248664K [0x0000000780000000, 0x0000000800000000)
  region size 1024K, 89 young (91136K), 3 survivors (3072K)
 Metaspace       used 149307K, committed 151680K, reserved 1179648K
  class space    used 20030K, committed 21184K, reserved 1048576K
}
Event: 110.995 GC heap after
{Heap after GC invocations=67 (full 0):
 garbage-first heap   total reserved 2097152K, committed 280576K, used 162918K [0x0000000780000000, 0x0000000800000000)
  region size 1024K, 4 young (4096K), 4 survivors (4096K)
 Metaspace       used 149307K, committed 151680K, reserved 1179648K
  class space    used 20030K, committed 21184K, reserved 1048576K
}
Event: 111.419 GC heap before
{Heap before GC invocations=67 (full 0):
 garbage-first heap   total reserved 2097152K, committed 280576K, used 254054K [0x0000000780000000, 0x0000000800000000)
  region size 1024K, 93 young (95232K), 4 survivors (4096K)
 Metaspace       used 149341K, committed 151680K, reserved 1179648K
  class space    used 20030K, committed 21184K, reserved 1048576K
}
Event: 111.443 GC heap after
{Heap after GC invocations=68 (full 0):
 garbage-first heap   total reserved 2097152K, committed 280576K, used 158219K [0x0000000780000000, 0x0000000800000000)
  region size 1024K, 4 young (4096K), 4 survivors (4096K)
 Metaspace       used 149341K, committed 151680K, reserved 1179648K
  class space    used 20030K, committed 21184K, reserved 1048576K
}
Event: 111.742 GC heap before
{Heap before GC invocations=68 (full 0):
 garbage-first heap   total reserved 2097152K, committed 280576K, used 253451K [0x0000000780000000, 0x0000000800000000)
  region size 1024K, 97 young (99328K), 4 survivors (4096K)
 Metaspace       used 149388K, committed 151744K, reserved 1179648K
  class space    used 20033K, committed 21184K, reserved 1048576K
}
Event: 111.754 GC heap after
{Heap after GC invocations=69 (full 0):
 garbage-first heap   total reserved 2097152K, committed 336896K, used 161632K [0x0000000780000000, 0x0000000800000000)
  region size 1024K, 7 young (7168K), 7 survivors (7168K)
 Metaspace       used 149388K, committed 151744K, reserved 1179648K
  class space    used 20033K, committed 21184K, reserved 1048576K
}
Event: 114.502 GC heap before
{Heap before GC invocations=70 (full 0):
 garbage-first heap   total reserved 2097152K, committed 336896K, used 283488K [0x0000000780000000, 0x0000000800000000)
  region size 1024K, 126 young (129024K), 7 survivors (7168K)
 Metaspace       used 149442K, committed 151744K, reserved 1179648K
  class space    used 20037K, committed 21184K, reserved 1048576K
}
Event: 114.546 GC heap after
{Heap after GC invocations=71 (full 0):
 garbage-first heap   total reserved 2097152K, committed 336896K, used 161554K [0x0000000780000000, 0x0000000800000000)
  region size 1024K, 7 young (7168K), 7 survivors (7168K)
 Metaspace       used 149442K, committed 151744K, reserved 1179648K
  class space    used 20037K, committed 21184K, reserved 1048576K
}
Event: 115.066 GC heap before
{Heap before GC invocations=71 (full 0):
 garbage-first heap   total reserved 2097152K, committed 336896K, used 284434K [0x0000000780000000, 0x0000000800000000)
  region size 1024K, 127 young (130048K), 7 survivors (7168K)
 Metaspace       used 149476K, committed 151808K, reserved 1179648K
  class space    used 20042K, committed 21184K, reserved 1048576K
}

